<?xml version="1.0" encoding="UTF-8"?>
<!-- Generated by org.testng.reporters.JUnitReportReporter -->
<testsuite hostname="Dell-4bt9qc2" failures="0" tests="5" name="TestCase.MyntraCases" time="105.856" errors="0" timestamp="2025-08-16T01:58:13 IST" skipped="0">
  <testcase classname="TestCase.MyntraCases" name="addingProductIncart" time="17.049"/>
  <testcase classname="TestCase.MyntraCases" name="addingProductIncart" time="32.890"/>
  <testcase classname="TestCase.MyntraCases" name="addingProductIncart" time="29.578"/>
  <testcase classname="TestCase.MyntraCases" name="addingProductIncart" time="13.554"/>
  <testcase classname="TestCase.MyntraCases" name="checkingPriceValue" time="12.785"/>
</testsuite> <!-- TestCase.MyntraCases -->
